Flow report for Advanced_Nios
Thu Jul 12 14:46:46 2018
Quartus II 64-Bit Version 15.0.0 Build 145 04/22/2015 SJ Full Version


---------------------
; Table of Contents ;
---------------------
  1. Legal Notice
  2. Flow Summary
  3. Flow Settings
  4. Flow Non-Default Global Settings
  5. Flow Elapsed Time
  6. Flow OS Summary
  7. Flow Log
  8. Flow Messages
  9. Flow Suppressed Messages



----------------
; Legal Notice ;
----------------
Copyright (C) 1991-2015 Altera Corporation. All rights reserved.
Your use of Altera Corporation's design tools, logic functions 
and other software and tools, and its AMPP partner logic 
functions, and any output files from any of the foregoing 
(including device programming or simulation files), and any 
associated documentation or information are expressly subject 
to the terms and conditions of the Altera Program License 
Subscription Agreement, the Altera Quartus II License Agreement,
the Altera MegaCore Function License Agreement, or other 
applicable license agreement, including, without limitation, 
that your use is for the sole purpose of programming logic 
devices manufactured by Altera and sold by Altera or its 
authorized distributors.  Please refer to the applicable 
agreement for further details.



+----------------------------------------------------------------------------------+
; Flow Summary                                                                     ;
+------------------------------------+---------------------------------------------+
; Flow Status                        ; Successful - Thu Jul 12 14:46:28 2018       ;
; Quartus II 64-Bit Version          ; 15.0.0 Build 145 04/22/2015 SJ Full Version ;
; Revision Name                      ; Advanced_Nios                               ;
; Top-level Entity Name              ; Advanced_Nios                               ;
; Family                             ; Cyclone IV E                                ;
; Device                             ; EP4CE115F29C7                               ;
; Timing Models                      ; Final                                       ;
; Total logic elements               ; 6,655 / 114,480 ( 6 % )                     ;
;     Total combinational functions  ; 5,769 / 114,480 ( 5 % )                     ;
;     Dedicated logic registers      ; 4,202 / 114,480 ( 4 % )                     ;
; Total registers                    ; 4321                                        ;
; Total pins                         ; 219 / 529 ( 41 % )                          ;
; Total virtual pins                 ; 0                                           ;
; Total memory bits                  ; 52,352 / 3,981,312 ( 1 % )                  ;
; Embedded Multiplier 9-bit elements ; 6 / 532 ( 1 % )                             ;
; Total PLLs                         ; 1 / 4 ( 25 % )                              ;
+------------------------------------+---------------------------------------------+


+-----------------------------------------+
; Flow Settings                           ;
+-------------------+---------------------+
; Option            ; Setting             ;
+-------------------+---------------------+
; Start date & time ; 07/12/2018 14:42:25 ;
; Main task         ; Compilation         ;
; Revision Name     ; Advanced_Nios       ;
+-------------------+---------------------+


+-------------------------------------------------------------------------------------------------------------------------------------------+
; Flow Non-Default Global Settings                                                                                                          ;
+-------------------------------------+----------------------------------------------------------+---------------+-------------+------------+
; Assignment Name                     ; Value                                                    ; Default Value ; Entity Name ; Section Id ;
+-------------------------------------+----------------------------------------------------------+---------------+-------------+------------+
; COMPILER_SIGNATURE_ID               ; 88491852322999.153137774513712                           ; --            ; --          ; --         ;
; MAX_CORE_JUNCTION_TEMP              ; 85                                                       ; --            ; --          ; --         ;
; MIN_CORE_JUNCTION_TEMP              ; 0                                                        ; --            ; --          ; --         ;
; MISC_FILE                           ; kernel/synthesis/../kernel.cmp                           ; --            ; --          ; --         ;
; MISC_FILE                           ; kernel/synthesis/../../kernel.qsys                       ; --            ; --          ; --         ;
; MISC_FILE                           ; PLL1_inst.v                                              ; --            ; --          ; --         ;
; MISC_FILE                           ; PLL1_bb.v                                                ; --            ; --          ; --         ;
; MISC_FILE                           ; PLL1.ppf                                                 ; --            ; --          ; --         ;
; OUTPUT_IO_TIMING_FAR_END_VMEAS      ; Half Signal Swing                                        ; --            ; --          ; --         ;
; OUTPUT_IO_TIMING_FAR_END_VMEAS      ; Half Signal Swing                                        ; --            ; --          ; --         ;
; OUTPUT_IO_TIMING_NEAR_END_VMEAS     ; Half Vccio                                               ; --            ; --          ; --         ;
; OUTPUT_IO_TIMING_NEAR_END_VMEAS     ; Half Vccio                                               ; --            ; --          ; --         ;
; PARTITION_COLOR                     ; 16764057                                                 ; --            ; --          ; Top        ;
; PARTITION_FITTER_PRESERVATION_LEVEL ; PLACEMENT_AND_ROUTING                                    ; --            ; --          ; Top        ;
; PARTITION_NETLIST_TYPE              ; SOURCE                                                   ; --            ; --          ; Top        ;
; POWER_BOARD_THERMAL_MODEL           ; None (CONSERVATIVE)                                      ; --            ; --          ; --         ;
; POWER_PRESET_COOLING_SOLUTION       ; 23 MM HEAT SINK WITH 200 LFPM AIRFLOW                    ; --            ; --          ; --         ;
; SLD_FILE                            ; kernel/synthesis/kernel.regmap                           ; --            ; --          ; --         ;
; SLD_FILE                            ; kernel/synthesis/kernel.debuginfo                        ; --            ; --          ; --         ;
; SLD_INFO                            ; QSYS_NAME kernel HAS_SOPCINFO 1 GENERATION_ID 1531377617 ; --            ; kernel      ; --         ;
; SOPCINFO_FILE                       ; kernel/synthesis/../../kernel.sopcinfo                   ; --            ; --          ; --         ;
; SYNTHESIS_ONLY_QIP                  ; On                                                       ; --            ; --          ; --         ;
+-------------------------------------+----------------------------------------------------------+---------------+-------------+------------+


+-------------------------------------------------------------------------------------------------------------------------------+
; Flow Elapsed Time                                                                                                             ;
+---------------------------+--------------+-------------------------+---------------------+------------------------------------+
; Module Name               ; Elapsed Time ; Average Processors Used ; Peak Virtual Memory ; Total CPU Time (on all processors) ;
+---------------------------+--------------+-------------------------+---------------------+------------------------------------+
; Analysis & Synthesis      ; 00:01:44     ; 1.0                     ; 5045 MB             ; 00:01:45                           ;
; Fitter                    ; 00:01:22     ; 1.2                     ; 5675 MB             ; 00:01:01                           ;
; Assembler                 ; 00:00:13     ; 1.0                     ; 4808 MB             ; 00:00:07                           ;
; TimeQuest Timing Analyzer ; 00:00:14     ; 1.2                     ; 5026 MB             ; 00:00:08                           ;
; Total                     ; 00:03:33     ; --                      ; --                  ; 00:03:01                           ;
+---------------------------+--------------+-------------------------+---------------------+------------------------------------+


+----------------------------------------------------------------------------------------+
; Flow OS Summary                                                                        ;
+---------------------------+------------------+-----------+------------+----------------+
; Module Name               ; Machine Hostname ; OS Name   ; OS Version ; Processor type ;
+---------------------------+------------------+-----------+------------+----------------+
; Analysis & Synthesis      ; DESKTOP-54LH5MD  ; Windows 7 ; 6.2        ; x86_64         ;
; Fitter                    ; DESKTOP-54LH5MD  ; Windows 7 ; 6.2        ; x86_64         ;
; Assembler                 ; DESKTOP-54LH5MD  ; Windows 7 ; 6.2        ; x86_64         ;
; TimeQuest Timing Analyzer ; DESKTOP-54LH5MD  ; Windows 7 ; 6.2        ; x86_64         ;
+---------------------------+------------------+-----------+------------+----------------+


------------
; Flow Log ;
------------
quartus_map --read_settings_files=on --write_settings_files=off Advanced_Nios -c Advanced_Nios
quartus_fit --read_settings_files=off --write_settings_files=off Advanced_Nios -c Advanced_Nios
quartus_asm --read_settings_files=off --write_settings_files=off Advanced_Nios -c Advanced_Nios
quartus_sta Advanced_Nios -c Advanced_Nios



