Info: Starting: Create HDL design files for synthesis
Info: qsys-generate E:\FPGA\Advanced_Experiment\kernel.qsys --synthesis=VERILOG --output-directory=E:\FPGA\Advanced_Experiment\kernel\synthesis --family="Cyclone IV E" --part=EP4CE115F29C7
Progress: Loading Advanced_Experiment/kernel.qsys
Progress: Reading input file
Progress: Adding IR1498_0 [IR1498 1.0]
Progress: Parameterizing module IR1498_0
Progress: Adding LCD1602_Demo_0 [LCD1602_Demo 1.0]
Progress: Parameterizing module LCD1602_Demo_0
Progress: Adding clk [clock_source 15.0]
Progress: Parameterizing module clk
Progress: Adding jtag_uart_0 [altera_avalon_jtag_uart 15.0]
Progress: Parameterizing module jtag_uart_0
Progress: Adding new_sdram_controller_0 [altera_avalon_new_sdram_controller 15.0]
Progress: Parameterizing module new_sdram_controller_0
Progress: Adding nios2_gen2_0 [altera_nios2_gen2 15.0]
Progress: Parameterizing module nios2_gen2_0
Progress: Adding sysid_qsys_0 [altera_avalon_sysid_qsys 15.0]
Progress: Parameterizing module sysid_qsys_0
Progress: Building connections
Progress: Parameterizing connections
Progress: Validating
Progress: Done reading input file
Info: kernel.sysid_qsys_0: System ID is not assigned automatically. Edit the System ID parameter to provide a unique ID
Info: kernel.sysid_qsys_0: Time stamp will be automatically updated when this component is generated.
Info: kernel: Generating kernel "kernel" for QUARTUS_SYNTH
Info: IR1498_0: "kernel" instantiated IR1498 "IR1498_0"
Info: LCD1602_Demo_0: "kernel" instantiated LCD1602_Demo "LCD1602_Demo_0"
Info: jtag_uart_0: Starting RTL generation for module 'kernel_jtag_uart_0'
Info: jtag_uart_0:   Generation command is [exec C:/altera/15.0/quartus/bin64/perl/bin/perl.exe -I C:/altera/15.0/quartus/bin64/perl/lib -I C:/altera/15.0/quartus/sopc_builder/bin/europa -I C:/altera/15.0/quartus/sopc_builder/bin/perl_lib -I C:/altera/15.0/quartus/sopc_builder/bin -I C:/altera/15.0/quartus/../ip/altera/sopc_builder_ip/common -I C:/altera/15.0/quartus/../ip/altera/sopc_builder_ip/altera_avalon_jtag_uart -- C:/altera/15.0/quartus/../ip/altera/sopc_builder_ip/altera_avalon_jtag_uart/generate_rtl.pl --name=kernel_jtag_uart_0 --dir=C:/Users/lenovo/AppData/Local/Temp/alt7724_7900565360295964678.dir/0007_jtag_uart_0_gen/ --quartus_dir=C:/altera/15.0/quartus --verilog --config=C:/Users/lenovo/AppData/Local/Temp/alt7724_7900565360295964678.dir/0007_jtag_uart_0_gen//kernel_jtag_uart_0_component_configuration.pl  --do_build_sim=0  ]
Info: jtag_uart_0: Done RTL generation for module 'kernel_jtag_uart_0'
Info: jtag_uart_0: "kernel" instantiated altera_avalon_jtag_uart "jtag_uart_0"
Info: new_sdram_controller_0: Starting RTL generation for module 'kernel_new_sdram_controller_0'
Info: new_sdram_controller_0:   Generation command is [exec C:/altera/15.0/quartus/bin64/perl/bin/perl.exe -I C:/altera/15.0/quartus/bin64/perl/lib -I C:/altera/15.0/quartus/sopc_builder/bin/europa -I C:/altera/15.0/quartus/sopc_builder/bin/perl_lib -I C:/altera/15.0/quartus/sopc_builder/bin -I C:/altera/15.0/quartus/../ip/altera/sopc_builder_ip/common -I C:/altera/15.0/quartus/../ip/altera/sopc_builder_ip/altera_avalon_new_sdram_controller -- C:/altera/15.0/quartus/../ip/altera/sopc_builder_ip/altera_avalon_new_sdram_controller/generate_rtl.pl --name=kernel_new_sdram_controller_0 --dir=C:/Users/lenovo/AppData/Local/Temp/alt7724_7900565360295964678.dir/0008_new_sdram_controller_0_gen/ --quartus_dir=C:/altera/15.0/quartus --verilog --config=C:/Users/lenovo/AppData/Local/Temp/alt7724_7900565360295964678.dir/0008_new_sdram_controller_0_gen//kernel_new_sdram_controller_0_component_configuration.pl  --do_build_sim=0  ]
Info: new_sdram_controller_0: Done RTL generation for module 'kernel_new_sdram_controller_0'
Info: new_sdram_controller_0: "kernel" instantiated altera_avalon_new_sdram_controller "new_sdram_controller_0"
Info: nios2_gen2_0: "kernel" instantiated altera_nios2_gen2 "nios2_gen2_0"
Info: sysid_qsys_0: "kernel" instantiated altera_avalon_sysid_qsys "sysid_qsys_0"
Info: avalon_st_adapter: Inserting error_adapter: error_adapter_0
Info: avalon_st_adapter_001: Inserting error_adapter: error_adapter_0
Info: avalon_st_adapter_002: Inserting error_adapter: error_adapter_0
Info: avalon_st_adapter_003: Inserting error_adapter: error_adapter_0
Info: avalon_st_adapter_004: Inserting error_adapter: error_adapter_0
Info: avalon_st_adapter_005: Inserting error_adapter: error_adapter_0
Info: mm_interconnect_0: "kernel" instantiated altera_mm_interconnect "mm_interconnect_0"
Info: irq_mapper: "kernel" instantiated altera_irq_mapper "irq_mapper"
Info: rst_controller: "kernel" instantiated altera_reset_controller "rst_controller"
Info: cpu: Starting RTL generation for module 'kernel_nios2_gen2_0_cpu'
Info: cpu:   Generation command is [exec C:/altera/15.0/quartus/bin64/eperlcmd.exe -I C:/altera/15.0/quartus/bin64/perl/lib -I C:/altera/15.0/quartus/sopc_builder/bin/europa -I C:/altera/15.0/quartus/sopc_builder/bin/perl_lib -I C:/altera/15.0/quartus/sopc_builder/bin -I C:/altera/15.0/quartus/../ip/altera/nios2_ip/altera_nios2_gen2/cpu_lib -I C:/altera/15.0/quartus/../ip/altera/nios2_ip/altera_nios2_gen2/nios_lib -I C:/altera/15.0/quartus/../ip/altera/nios2_ip/altera_nios2_gen2 -I C:/altera/15.0/quartus/../ip/altera/nios2_ip/altera_nios2_gen2 -- C:/altera/15.0/quartus/../ip/altera/nios2_ip/altera_nios2_gen2/generate_rtl.epl --name=kernel_nios2_gen2_0_cpu --dir=C:/Users/lenovo/AppData/Local/Temp/alt7724_7900565360295964678.dir/0012_cpu_gen/ --quartus_bindir=C:/altera/15.0/quartus/bin64 --verilog --config=C:/Users/lenovo/AppData/Local/Temp/alt7724_7900565360295964678.dir/0012_cpu_gen//kernel_nios2_gen2_0_cpu_processor_configuration.pl  --do_build_sim=0  ]
Info: cpu: # 2018.07.12 14:21:07 (*) Starting Nios II generation
Info: cpu: # 2018.07.12 14:21:08 (*)   Checking for plaintext license.
Info: cpu: # 2018.07.12 14:21:21 (*)   Plaintext license not found.
Info: cpu: # 2018.07.12 14:21:21 (*)   Checking for encrypted license (non-evaluation).
Info: cpu: # 2018.07.12 14:21:24 (*)   Encrypted license found.  SOF will not be time-limited.
Info: cpu: # 2018.07.12 14:21:24 (*)   Elaborating CPU configuration settings
Info: cpu: # 2018.07.12 14:21:24 (*)   Creating all objects for CPU
Info: cpu: # 2018.07.12 14:21:24 (*)     Testbench
Info: cpu: # 2018.07.12 14:21:24 (*)     Instruction decoding
Info: cpu: # 2018.07.12 14:21:24 (*)       Instruction fields
Info: cpu: # 2018.07.12 14:21:24 (*)       Instruction decodes
Info: cpu: # 2018.07.12 14:21:25 (*)       Signals for RTL simulation waveforms
Info: cpu: # 2018.07.12 14:21:25 (*)       Instruction controls
Info: cpu: # 2018.07.12 14:21:25 (*)     Pipeline frontend
Info: cpu: # 2018.07.12 14:21:25 (*)     Pipeline backend
Info: cpu: # 2018.07.12 14:21:28 (*)   Generating RTL from CPU objects
Info: cpu: # 2018.07.12 14:21:31 (*)   Creating encrypted RTL
Info: cpu: # 2018.07.12 14:21:32 (*) Done Nios II generation
Info: cpu: Done RTL generation for module 'kernel_nios2_gen2_0_cpu'
Info: cpu: "nios2_gen2_0" instantiated altera_nios2_gen2_unit "cpu"
Info: nios2_gen2_0_data_master_translator: "mm_interconnect_0" instantiated altera_merlin_master_translator "nios2_gen2_0_data_master_translator"
Info: jtag_uart_0_avalon_jtag_slave_translator: "mm_interconnect_0" instantiated altera_merlin_slave_translator "jtag_uart_0_avalon_jtag_slave_translator"
Info: nios2_gen2_0_data_master_agent: "mm_interconnect_0" instantiated altera_merlin_master_agent "nios2_gen2_0_data_master_agent"
Info: jtag_uart_0_avalon_jtag_slave_agent: "mm_interconnect_0" instantiated altera_merlin_slave_agent "jtag_uart_0_avalon_jtag_slave_agent"
Info: jtag_uart_0_avalon_jtag_slave_agent_rsp_fifo: "mm_interconnect_0" instantiated altera_avalon_sc_fifo "jtag_uart_0_avalon_jtag_slave_agent_rsp_fifo"
Info: router: "mm_interconnect_0" instantiated altera_merlin_router "router"
Info: router_001: "mm_interconnect_0" instantiated altera_merlin_router "router_001"
Info: router_002: "mm_interconnect_0" instantiated altera_merlin_router "router_002"
Info: router_006: "mm_interconnect_0" instantiated altera_merlin_router "router_006"
Info: nios2_gen2_0_instruction_master_limiter: "mm_interconnect_0" instantiated altera_merlin_traffic_limiter "nios2_gen2_0_instruction_master_limiter"
Info: Reusing file E:/FPGA/Advanced_Experiment/kernel/synthesis/submodules/altera_avalon_sc_fifo.v
Info: cmd_demux: "mm_interconnect_0" instantiated altera_merlin_demultiplexer "cmd_demux"
Info: cmd_demux_001: "mm_interconnect_0" instantiated altera_merlin_demultiplexer "cmd_demux_001"
Info: cmd_mux: "mm_interconnect_0" instantiated altera_merlin_multiplexer "cmd_mux"
Info: cmd_mux_004: "mm_interconnect_0" instantiated altera_merlin_multiplexer "cmd_mux_004"
Info: Reusing file E:/FPGA/Advanced_Experiment/kernel/synthesis/submodules/altera_merlin_arbitrator.sv
Info: rsp_demux: "mm_interconnect_0" instantiated altera_merlin_demultiplexer "rsp_demux"
Info: rsp_demux_004: "mm_interconnect_0" instantiated altera_merlin_demultiplexer "rsp_demux_004"
Info: rsp_mux: "mm_interconnect_0" instantiated altera_merlin_multiplexer "rsp_mux"
Info: Reusing file E:/FPGA/Advanced_Experiment/kernel/synthesis/submodules/altera_merlin_arbitrator.sv
Info: rsp_mux_001: "mm_interconnect_0" instantiated altera_merlin_multiplexer "rsp_mux_001"
Info: Reusing file E:/FPGA/Advanced_Experiment/kernel/synthesis/submodules/altera_merlin_arbitrator.sv
Info: avalon_st_adapter: "mm_interconnect_0" instantiated altera_avalon_st_adapter "avalon_st_adapter"
Info: error_adapter_0: "avalon_st_adapter" instantiated error_adapter "error_adapter_0"
Info: kernel: Done "kernel" with 31 modules, 51 files
Info: ip-generate succeeded.
Info: Finished: Create HDL design files for synthesis
